# JRE version: Java(TM) SE Runtime Environment (7.0_45-b18) (build 1.7.0_45-b18)
# Java VM: Java HotSpot(TM) 64-Bit Server VM (24.45-b08 mixed mode windows-amd64 compressed oops)
Heap
 PSYoungGen      total 57344K, used 8740K [0x00000007ab600000, 0x00000007af300000, 0x0000000800000000)
  eden space 54272K, 16% used [0x00000007ab600000,0x00000007abe81178,0x00000007aeb00000)
  from space 3072K, 1% used [0x00000007af000000,0x00000007af008000,0x00000007af300000)
  to   space 4096K, 0% used [0x00000007aeb00000,0x00000007aeb00000,0x00000007aef00000)
 ParOldGen       total 173056K, used 2258K [0x0000000702200000, 0x000000070cb00000, 0x00000007ab600000)
  object space 173056K, 1% used [0x0000000702200000,0x00000007024349f0,0x000000070cb00000)
 PSPermGen       total 21504K, used 9122K [0x00000006fd000000, 0x00000006fe500000, 0x0000000702200000)
  object space 21504K, 42% used [0x00000006fd000000,0x00000006fd8e8a30,0x00000006fe500000)
GC Heap History (10 events):
Event: 360.179 GC heap before
{Heap before GC invocations=10 (full 0):
 PSYoungGen      total 63488K, used 59488K [0x00000007ab600000, 0x00000007afa00000, 0x0000000800000000)
  eden space 59392K, 100% used [0x00000007ab600000,0x00000007af000000,0x00000007af000000)
  from space 4096K, 2% used [0x00000007af200000,0x00000007af218000,0x00000007af600000)
  to   space 4096K, 0% used [0x00000007af600000,0x00000007af600000,0x00000007afa00000)
 ParOldGen       total 173056K, used 2218K [0x0000000702200000, 0x000000070cb00000, 0x00000007ab600000)
  object space 173056K, 1% used [0x0000000702200000,0x000000070242a9f0,0x000000070cb00000)
 PSPermGen       total 21504K, used 9122K [0x00000006fd000000, 0x00000006fe500000, 0x0000000702200000)
  object space 21504K, 42% used [0x00000006fd000000,0x00000006fd8e8a30,0x00000006fe500000)
Event: 360.182 GC heap after
Heap after GC invocations=10 (full 0):
 PSYoungGen      total 59392K, used 64K [0x00000007ab600000, 0x00000007af700000, 0x0000000800000000)
  eden space 58368K, 0% used [0x00000007ab600000,0x00000007ab600000,0x00000007aef00000)
  from space 1024K, 6% used [0x00000007af600000,0x00000007af610000,0x00000007af700000)
  to   space 4096K, 0% used [0x00000007aef00000,0x00000007aef00000,0x00000007af300000)
 ParOldGen       total 173056K, used 2250K [0x0000000702200000, 0x000000070cb00000, 0x00000007ab600000)
  object space 173056K, 1% used [0x0000000702200000,0x00000007024329f0,0x000000070cb00000)
 PSPermGen       total 21504K, used 9122K [0x00000006fd000000, 0x00000006fe500000, 0x0000000702200000)
  object space 21504K, 42% used [0x00000006fd000000,0x00000006fd8e8a30,0x00000006fe500000)
}
Event: 411.310 GC heap before
{Heap before GC invocations=11 (full 0):
 PSYoungGen      total 59392K, used 58432K [0x00000007ab600000, 0x00000007af700000, 0x0000000800000000)
  eden space 58368K, 100% used [0x00000007ab600000,0x00000007aef00000,0x00000007aef00000)
  from space 1024K, 6% used [0x00000007af600000,0x00000007af610000,0x00000007af700000)
  to   space 4096K, 0% used [0x00000007aef00000,0x00000007aef00000,0x00000007af300000)
 ParOldGen       total 173056K, used 2250K [0x0000000702200000, 0x000000070cb00000, 0x00000007ab600000)
  object space 173056K, 1% used [0x0000000702200000,0x00000007024329f0,0x000000070cb00000)
 PSPermGen       total 21504K, used 9122K [0x00000006fd000000, 0x00000006fe500000, 0x0000000702200000)
  object space 21504K, 42% used [0x00000006fd000000,0x00000006fd8e8a30,0x00000006fe500000)
Event: 411.311 GC heap after
Heap after GC invocations=11 (full 0):
 PSYoungGen      total 57856K, used 64K [0x00000007ab600000, 0x00000007af680000, 0x0000000800000000)
  eden space 57344K, 0% used [0x00000007ab600000,0x00000007ab600000,0x00000007aee00000)
  from space 512K, 12% used [0x00000007aef00000,0x00000007aef10000,0x00000007aef80000)
  to   space 4096K, 0% used [0x00000007af280000,0x00000007af280000,0x00000007af680000)
 ParOldGen       total 173056K, used 2258K [0x0000000702200000, 0x000000070cb00000, 0x00000007ab600000)
  object space 173056K, 1% used [0x0000000702200000,0x00000007024349f0,0x000000070cb00000)
 PSPermGen       total 21504K, used 9122K [0x00000006fd000000, 0x00000006fe500000, 0x0000000702200000)
  object space 21504K, 42% used [0x00000006fd000000,0x00000006fd8e8a30,0x00000006fe500000)
}
Event: 461.543 GC heap before
{Heap before GC invocations=12 (full 0):
 PSYoungGen      total 57856K, used 57408K [0x00000007ab600000, 0x00000007af680000, 0x0000000800000000)
  eden space 57344K, 100% used [0x00000007ab600000,0x00000007aee00000,0x00000007aee00000)
  from space 512K, 12% used [0x00000007aef00000,0x00000007aef10000,0x00000007aef80000)
  to   space 4096K, 0% used [0x00000007af280000,0x00000007af280000,0x00000007af680000)
 ParOldGen       total 173056K, used 2258K [0x0000000702200000, 0x000000070cb00000, 0x00000007ab600000)
  object space 173056K, 1% used [0x0000000702200000,0x00000007024349f0,0x000000070cb00000)
 PSPermGen       total 21504K, used 9122K [0x00000006fd000000, 0x00000006fe500000, 0x0000000702200000)
  object space 21504K, 42% used [0x00000006fd000000,0x00000006fd8e8a30,0x00000006fe500000)
Event: 461.545 GC heap after
Heap after GC invocations=12 (full 0):
 PSYoungGen      total 58880K, used 64K [0x00000007ab600000, 0x00000007af500000, 0x0000000800000000)
  eden space 56320K, 0% used [0x00000007ab600000,0x00000007ab600000,0x00000007aed00000)
  from space 2560K, 2% used [0x00000007af280000,0x00000007af290000,0x00000007af500000)
  to   space 4096K, 0% used [0x00000007aed00000,0x00000007aed00000,0x00000007af100000)
 ParOldGen       total 173056K, used 2258K [0x0000000702200000, 0x000000070cb00000, 0x00000007ab600000)
  object space 173056K, 1% used [0x0000000702200000,0x00000007024349f0,0x000000070cb00000)
 PSPermGen       total 21504K, used 9122K [0x00000006fd000000, 0x00000006fe500000, 0x0000000702200000)
  object space 21504K, 42% used [0x00000006fd000000,0x00000006fd8e8a30,0x00000006fe500000)
}
Event: 510.859 GC heap before
{Heap before GC invocations=13 (full 0):
 PSYoungGen      total 58880K, used 56384K [0x00000007ab600000, 0x00000007af500000, 0x0000000800000000)
  eden space 56320K, 100% used [0x00000007ab600000,0x00000007aed00000,0x00000007aed00000)
  from space 2560K, 2% used [0x00000007af280000,0x00000007af290000,0x00000007af500000)
  to   space 4096K, 0% used [0x00000007aed00000,0x00000007aed00000,0x00000007af100000)
 ParOldGen       total 173056K, used 2258K [0x0000000702200000, 0x000000070cb00000, 0x00000007ab600000)
  object space 173056K, 1% used [0x0000000702200000,0x00000007024349f0,0x000000070cb00000)
 PSPermGen       total 21504K, used 9122K [0x00000006fd000000, 0x00000006fe500000, 0x0000000702200000)
  object space 21504K, 42% used [0x00000006fd000000,0x00000006fd8e8a30,0x00000006fe500000)
Event: 510.860 GC heap after
Heap after GC invocations=13 (full 0):
 PSYoungGen      total 55808K, used 32K [0x00000007ab600000, 0x00000007af400000, 0x0000000800000000)
  eden space 55296K, 0% used [0x00000007ab600000,0x00000007ab600000,0x00000007aec00000)
  from space 512K, 6% used [0x00000007aed00000,0x00000007aed08000,0x00000007aed80000)
  to   space 4096K, 0% used [0x00000007af000000,0x00000007af000000,0x00000007af400000)
 ParOldGen       total 173056K, used 2258K [0x0000000702200000, 0x000000070cb00000, 0x00000007ab600000)
  object space 173056K, 1% used [0x0000000702200000,0x00000007024349f0,0x000000070cb00000)
 PSPermGen       total 21504K, used 9122K [0x00000006fd000000, 0x00000006fe500000, 0x0000000702200000)
  object space 21504K, 42% used [0x00000006fd000000,0x00000006fd8e8a30,0x00000006fe500000)
}
Event: 559.309 GC heap before
{Heap before GC invocations=14 (full 0):
 PSYoungGen      total 55808K, used 55328K [0x00000007ab600000, 0x00000007af400000, 0x0000000800000000)
  eden space 55296K, 100% used [0x00000007ab600000,0x00000007aec00000,0x00000007aec00000)
  from space 512K, 6% used [0x00000007aed00000,0x00000007aed08000,0x00000007aed80000)
  to   space 4096K, 0% used [0x00000007af000000,0x00000007af000000,0x00000007af400000)
 ParOldGen       total 173056K, used 2258K [0x0000000702200000, 0x000000070cb00000, 0x00000007ab600000)
  object space 173056K, 1% used [0x0000000702200000,0x00000007024349f0,0x000000070cb00000)
 PSPermGen       total 21504K, used 9122K [0x00000006fd000000, 0x00000006fe500000, 0x0000000702200000)
  object space 21504K, 42% used [0x00000006fd000000,0x00000006fd8e8a30,0x00000006fe500000)
Event: 559.310 GC heap after
Heap after GC invocations=14 (full 0):
 PSYoungGen      total 57344K, used 32K [0x00000007ab600000, 0x00000007af300000, 0x0000000800000000)
  eden space 54272K, 0% used [0x00000007ab600000,0x00000007ab600000,0x00000007aeb00000)
  from space 3072K, 1% used [0x00000007af000000,0x00000007af008000,0x00000007af300000)
  to   space 4096K, 0% used [0x00000007aeb00000,0x00000007aeb00000,0x00000007aef00000)
 ParOldGen       total 173056K, used 2258K [0x0000000702200000, 0x000000070cb00000, 0x00000007ab600000)
  object space 173056K, 1% used [0x0000000702200000,0x00000007024349f0,0x000000070cb00000)
 PSPermGen       total 21504K, used 9122K [0x00000006fd000000, 0x00000006fe500000, 0x0000000702200000)
  object space 21504K, 42% used [0x00000006fd000000,0x00000006fd8e8a30,0x00000006fe500000)
}

